<?xml version="1.0" encoding="UTF-8"?>
<coverage generated="1575157267823" clover="3.2.0">
  <project timestamp="1575157267823" name="All files">
    <metrics statements="101" coveredstatements="101" conditionals="70" coveredconditionals="56" methods="20" coveredmethods="20" elements="191" coveredelements="177" complexity="0" loc="101" ncloc="101" packages="2" files="6" classes="6"/>
    <package name="lib">
      <metrics statements="66" coveredstatements="66" conditionals="49" coveredconditionals="41" methods="16" coveredmethods="16"/>
      <file name="engine.js" path="/home/ec2-user/environment/jsre/lib/engine.js">
        <metrics statements="65" coveredstatements="65" conditionals="49" coveredconditionals="41" methods="16" coveredmethods="16"/>
        <line num="1" count="6" type="stmt"/>
        <line num="2" count="6" type="stmt"/>
        <line num="3" count="6" type="stmt"/>
        <line num="4" count="6" type="stmt"/>
        <line num="5" count="6" type="stmt"/>
        <line num="7" count="6" type="stmt"/>
        <line num="8" count="6" type="stmt"/>
        <line num="9" count="6" type="stmt"/>
        <line num="13" count="26" type="stmt"/>
        <line num="14" count="26" type="cond" truecount="2" falsecount="0"/>
        <line num="15" count="1" type="cond" truecount="3" falsecount="1"/>
        <line num="16" count="1" type="stmt"/>
        <line num="17" count="1" type="stmt"/>
        <line num="20" count="25" type="stmt"/>
        <line num="23" count="26" type="stmt"/>
        <line num="24" count="26" type="cond" truecount="2" falsecount="0"/>
        <line num="25" count="25" type="stmt"/>
        <line num="27" count="1" type="stmt"/>
        <line num="32" count="64" type="stmt"/>
        <line num="33" count="64" type="cond" truecount="4" falsecount="0"/>
        <line num="34" count="35" type="cond" truecount="1" falsecount="1"/>
        <line num="35" count="35" type="stmt"/>
        <line num="38" count="29" type="stmt"/>
        <line num="40" count="64" type="stmt"/>
        <line num="44" count="33" type="stmt"/>
        <line num="45" count="33" type="cond" truecount="4" falsecount="0"/>
        <line num="46" count="6" type="stmt"/>
        <line num="47" count="6" type="stmt"/>
        <line num="49" count="27" type="stmt"/>
        <line num="51" count="33" type="stmt"/>
        <line num="55" count="37" type="cond" truecount="4" falsecount="0"/>
        <line num="56" count="4" type="cond" truecount="2" falsecount="0"/>
        <line num="57" count="2" type="stmt"/>
        <line num="58" count="2" type="cond" truecount="1" falsecount="1"/>
        <line num="59" count="3" type="cond" truecount="1" falsecount="1"/>
        <line num="60" count="6" type="stmt"/>
        <line num="61" count="6" type="cond" truecount="2" falsecount="0"/>
        <line num="64" count="33" type="stmt"/>
        <line num="65" count="33" type="cond" truecount="2" falsecount="0"/>
        <line num="66" count="1" type="stmt"/>
        <line num="67" count="1" type="stmt"/>
        <line num="72" count="32" type="stmt"/>
        <line num="73" count="32" type="stmt"/>
        <line num="74" count="32" type="stmt"/>
        <line num="75" count="32" type="stmt"/>
        <line num="76" count="29" type="stmt"/>
        <line num="78" count="3" type="stmt"/>
        <line num="79" count="3" type="stmt"/>
        <line num="85" count="33" type="cond" truecount="2" falsecount="0"/>
        <line num="86" count="16" type="stmt"/>
        <line num="92" count="25" type="cond" truecount="2" falsecount="0"/>
        <line num="93" count="21" type="stmt"/>
        <line num="94" count="21" type="cond" truecount="1" falsecount="1"/>
        <line num="96" count="4" type="cond" truecount="1" falsecount="1"/>
        <line num="97" count="8" type="stmt"/>
        <line num="98" count="8" type="cond" truecount="2" falsecount="0"/>
        <line num="103" count="25" type="stmt"/>
        <line num="104" count="25" type="stmt"/>
        <line num="105" count="25" type="stmt"/>
        <line num="106" count="25" type="stmt"/>
        <line num="107" count="25" type="cond" truecount="1" falsecount="1"/>
        <line num="108" count="25" type="cond" truecount="2" falsecount="0"/>
        <line num="109" count="9" type="stmt"/>
        <line num="111" count="25" type="stmt"/>
        <line num="115" count="6" type="stmt"/>
      </file>
      <file name="index.js" path="/home/ec2-user/environment/jsre/lib/index.js">
        <metrics statements="1" coveredstatements="1" conditionals="0" coveredconditionals="0" methods="0" coveredmethods="0"/>
        <line num="1" count="6" type="stmt"/>
      </file>
    </package>
    <package name="lib.operator">
      <metrics statements="35" coveredstatements="35" conditionals="21" coveredconditionals="15" methods="4" coveredmethods="4"/>
      <file name="equal.js" path="/home/ec2-user/environment/jsre/lib/operator/equal.js">
        <metrics statements="6" coveredstatements="6" conditionals="2" coveredconditionals="2" methods="1" coveredmethods="1"/>
        <line num="1" count="6" type="stmt"/>
        <line num="3" count="6" type="stmt"/>
        <line num="5" count="7" type="stmt"/>
        <line num="6" count="7" type="stmt"/>
        <line num="7" count="7" type="cond" truecount="2" falsecount="0"/>
        <line num="8" count="7" type="stmt"/>
      </file>
      <file name="index.js" path="/home/ec2-user/environment/jsre/lib/operator/index.js">
        <metrics statements="5" coveredstatements="5" conditionals="0" coveredconditionals="0" methods="0" coveredmethods="0"/>
        <line num="1" count="6" type="stmt"/>
        <line num="3" count="6" type="stmt"/>
        <line num="4" count="6" type="stmt"/>
        <line num="5" count="6" type="stmt"/>
        <line num="7" count="6" type="stmt"/>
      </file>
      <file name="numericComparison.js" path="/home/ec2-user/environment/jsre/lib/operator/numericComparison.js">
        <metrics statements="14" coveredstatements="14" conditionals="13" coveredconditionals="9" methods="2" coveredmethods="2"/>
        <line num="1" count="6" type="stmt"/>
        <line num="3" count="6" type="stmt"/>
        <line num="5" count="12" type="cond" truecount="1" falsecount="1"/>
        <line num="6" count="12" type="cond" truecount="2" falsecount="0"/>
        <line num="7" count="9" type="stmt"/>
        <line num="8" count="9" type="stmt"/>
        <line num="9" count="9" type="cond" truecount="2" falsecount="0"/>
        <line num="10" count="9" type="stmt"/>
        <line num="13" count="9" type="cond" truecount="1" falsecount="1"/>
        <line num="14" count="9" type="cond" truecount="1" falsecount="1"/>
        <line num="15" count="9" type="stmt"/>
        <line num="16" count="9" type="stmt"/>
        <line num="17" count="9" type="cond" truecount="2" falsecount="0"/>
        <line num="18" count="9" type="stmt"/>
      </file>
      <file name="set.js" path="/home/ec2-user/environment/jsre/lib/operator/set.js">
        <metrics statements="10" coveredstatements="10" conditionals="6" coveredconditionals="4" methods="1" coveredmethods="1"/>
        <line num="1" count="6" type="stmt"/>
        <line num="3" count="6" type="stmt"/>
        <line num="5" count="4" type="stmt"/>
        <line num="7" count="4" type="cond" truecount="1" falsecount="1"/>
        <line num="8" count="4" type="stmt"/>
        <line num="9" count="4" type="cond" truecount="2" falsecount="0"/>
        <line num="10" count="4" type="stmt"/>
        <line num="12" count="4" type="stmt"/>
        <line num="13" count="4" type="cond" truecount="1" falsecount="1"/>
        <line num="14" count="4" type="stmt"/>
      </file>
    </package>
  </project>
</coverage>
