{"/home/ec2-user/environment/jsre/lib/engine.js": {"path":"/home/ec2-user/environment/jsre/lib/engine.js","statementMap":{"0":{"start":{"line":1,"column":18},"end":{"line":1,"column":35}},"1":{"start":{"line":2,"column":18},"end":{"line":2,"column":36}},"2":{"start":{"line":3,"column":18},"end":{"line":3,"column":31}},"3":{"start":{"line":4,"column":18},"end":{"line":4,"column":32}},"4":{"start":{"line":5,"column":18},"end":{"line":5,"column":39}},"5":{"start":{"line":7,"column":18},"end":{"line":7,"column":85}},"6":{"start":{"line":8,"column":18},"end":{"line":8,"column":27}},"7":{"start":{"line":9,"column":18},"end":{"line":9,"column":39}},"8":{"start":{"line":13,"column":24},"end":{"line":13,"column":26}},"9":{"start":{"line":14,"column":4},"end":{"line":21,"column":5}},"10":{"start":{"line":15,"column":6},"end":{"line":18,"column":7}},"11":{"start":{"line":16,"column":33},"end":{"line":16,"column":68}},"12":{"start":{"line":17,"column":8},"end":{"line":17,"column":58}},"13":{"start":{"line":20,"column":6},"end":{"line":20,"column":28}},"14":{"start":{"line":23,"column":18},"end":{"line":23,"column":43}},"15":{"start":{"line":24,"column":4},"end":{"line":28,"column":5}},"16":{"start":{"line":25,"column":6},"end":{"line":25,"column":34}},"17":{"start":{"line":27,"column":6},"end":{"line":27,"column":28}},"18":{"start":{"line":32,"column":17},"end":{"line":32,"column":21}},"19":{"start":{"line":33,"column":4},"end":{"line":39,"column":5}},"20":{"start":{"line":34,"column":6},"end":{"line":36,"column":7}},"21":{"start":{"line":35,"column":8},"end":{"line":35,"column":57}},"22":{"start":{"line":38,"column":6},"end":{"line":38,"column":21}},"23":{"start":{"line":40,"column":4},"end":{"line":40,"column":18}},"24":{"start":{"line":44,"column":17},"end":{"line":44,"column":32}},"25":{"start":{"line":45,"column":4},"end":{"line":50,"column":5}},"26":{"start":{"line":46,"column":6},"end":{"line":46,"column":56}},"27":{"start":{"line":47,"column":6},"end":{"line":47,"column":24}},"28":{"start":{"line":49,"column":6},"end":{"line":49,"column":52}},"29":{"start":{"line":51,"column":4},"end":{"line":51,"column":18}},"30":{"start":{"line":55,"column":4},"end":{"line":88,"column":5}},"31":{"start":{"line":56,"column":6},"end":{"line":62,"column":7}},"32":{"start":{"line":57,"column":8},"end":{"line":57,"column":87}},"33":{"start":{"line":57,"column":40},"end":{"line":57,"column":84}},"34":{"start":{"line":58,"column":8},"end":{"line":58,"column":110}},"35":{"start":{"line":58,"column":70},"end":{"line":58,"column":101}},"36":{"start":{"line":59,"column":13},"end":{"line":62,"column":7}},"37":{"start":{"line":60,"column":8},"end":{"line":60,"column":87}},"38":{"start":{"line":60,"column":40},"end":{"line":60,"column":84}},"39":{"start":{"line":61,"column":8},"end":{"line":61,"column":110}},"40":{"start":{"line":61,"column":70},"end":{"line":61,"column":100}},"41":{"start":{"line":64,"column":23},"end":{"line":64,"column":62}},"42":{"start":{"line":65,"column":6},"end":{"line":84,"column":7}},"43":{"start":{"line":66,"column":8},"end":{"line":66,"column":34}},"44":{"start":{"line":67,"column":8},"end":{"line":70,"column":10}},"45":{"start":{"line":72,"column":20},"end":{"line":72,"column":56}},"46":{"start":{"line":73,"column":20},"end":{"line":73,"column":56}},"47":{"start":{"line":74,"column":8},"end":{"line":83,"column":9}},"48":{"start":{"line":75,"column":10},"end":{"line":75,"column":72}},"49":{"start":{"line":76,"column":10},"end":{"line":76,"column":67}},"50":{"start":{"line":78,"column":10},"end":{"line":78,"column":36}},"51":{"start":{"line":79,"column":10},"end":{"line":82,"column":12}},"52":{"start":{"line":85,"column":5},"end":{"line":87,"column":6}},"53":{"start":{"line":86,"column":7},"end":{"line":86,"column":32}},"54":{"start":{"line":92,"column":4},"end":{"line":99,"column":5}},"55":{"start":{"line":93,"column":6},"end":{"line":93,"column":91}},"56":{"start":{"line":93,"column":44},"end":{"line":93,"column":88}},"57":{"start":{"line":94,"column":6},"end":{"line":94,"column":109}},"58":{"start":{"line":94,"column":69},"end":{"line":94,"column":100}},"59":{"start":{"line":96,"column":9},"end":{"line":99,"column":5}},"60":{"start":{"line":97,"column":6},"end":{"line":97,"column":91}},"61":{"start":{"line":97,"column":44},"end":{"line":97,"column":88}},"62":{"start":{"line":98,"column":6},"end":{"line":98,"column":109}},"63":{"start":{"line":98,"column":69},"end":{"line":98,"column":99}},"64":{"start":{"line":103,"column":18},"end":{"line":103,"column":61}},"65":{"start":{"line":104,"column":19},"end":{"line":104,"column":21}},"66":{"start":{"line":105,"column":4},"end":{"line":105,"column":64}},"67":{"start":{"line":105,"column":23},"end":{"line":105,"column":61}},"68":{"start":{"line":106,"column":19},"end":{"line":106,"column":28}},"69":{"start":{"line":107,"column":4},"end":{"line":107,"column":95}},"70":{"start":{"line":107,"column":55},"end":{"line":107,"column":86}},"71":{"start":{"line":108,"column":4},"end":{"line":110,"column":5}},"72":{"start":{"line":109,"column":6},"end":{"line":109,"column":29}},"73":{"start":{"line":111,"column":4},"end":{"line":111,"column":18}},"74":{"start":{"line":115,"column":0},"end":{"line":115,"column":24}}},"fnMap":{"0":{"name":"(anonymous_0)","decl":{"start":{"line":12,"column":2},"end":{"line":12,"column":3}},"loc":{"start":{"line":12,"column":61},"end":{"line":29,"column":3}},"line":12},"1":{"name":"(anonymous_1)","decl":{"start":{"line":31,"column":2},"end":{"line":31,"column":3}},"loc":{"start":{"line":31,"column":26},"end":{"line":41,"column":3}},"line":31},"2":{"name":"(anonymous_2)","decl":{"start":{"line":43,"column":2},"end":{"line":43,"column":3}},"loc":{"start":{"line":43,"column":35},"end":{"line":52,"column":3}},"line":43},"3":{"name":"(anonymous_3)","decl":{"start":{"line":54,"column":2},"end":{"line":54,"column":3}},"loc":{"start":{"line":54,"column":42},"end":{"line":89,"column":3}},"line":54},"4":{"name":"(anonymous_4)","decl":{"start":{"line":57,"column":27},"end":{"line":57,"column":28}},"loc":{"start":{"line":57,"column":40},"end":{"line":57,"column":84}},"line":57},"5":{"name":"(anonymous_5)","decl":{"start":{"line":58,"column":50},"end":{"line":58,"column":51}},"loc":{"start":{"line":58,"column":70},"end":{"line":58,"column":101}},"line":58},"6":{"name":"(anonymous_6)","decl":{"start":{"line":60,"column":27},"end":{"line":60,"column":28}},"loc":{"start":{"line":60,"column":40},"end":{"line":60,"column":84}},"line":60},"7":{"name":"(anonymous_7)","decl":{"start":{"line":61,"column":50},"end":{"line":61,"column":51}},"loc":{"start":{"line":61,"column":70},"end":{"line":61,"column":100}},"line":61},"8":{"name":"(anonymous_8)","decl":{"start":{"line":91,"column":2},"end":{"line":91,"column":3}},"loc":{"start":{"line":91,"column":36},"end":{"line":100,"column":3}},"line":91},"9":{"name":"(anonymous_9)","decl":{"start":{"line":93,"column":31},"end":{"line":93,"column":32}},"loc":{"start":{"line":93,"column":44},"end":{"line":93,"column":88}},"line":93},"10":{"name":"(anonymous_10)","decl":{"start":{"line":94,"column":49},"end":{"line":94,"column":50}},"loc":{"start":{"line":94,"column":69},"end":{"line":94,"column":100}},"line":94},"11":{"name":"(anonymous_11)","decl":{"start":{"line":97,"column":31},"end":{"line":97,"column":32}},"loc":{"start":{"line":97,"column":44},"end":{"line":97,"column":88}},"line":97},"12":{"name":"(anonymous_12)","decl":{"start":{"line":98,"column":49},"end":{"line":98,"column":50}},"loc":{"start":{"line":98,"column":69},"end":{"line":98,"column":99}},"line":98},"13":{"name":"(anonymous_13)","decl":{"start":{"line":102,"column":2},"end":{"line":102,"column":3}},"loc":{"start":{"line":102,"column":13},"end":{"line":112,"column":3}},"line":102},"14":{"name":"(anonymous_14)","decl":{"start":{"line":105,"column":15},"end":{"line":105,"column":16}},"loc":{"start":{"line":105,"column":23},"end":{"line":105,"column":61}},"line":105},"15":{"name":"(anonymous_15)","decl":{"start":{"line":107,"column":35},"end":{"line":107,"column":36}},"loc":{"start":{"line":107,"column":55},"end":{"line":107,"column":86}},"line":107}},"branchMap":{"0":{"loc":{"start":{"line":12,"column":15},"end":{"line":12,"column":58}},"type":"default-arg","locations":[{"start":{"line":12,"column":56},"end":{"line":12,"column":58}}],"line":12},"1":{"loc":{"start":{"line":12,"column":17},"end":{"line":12,"column":27}},"type":"default-arg","locations":[{"start":{"line":12,"column":25},"end":{"line":12,"column":27}}],"line":12},"2":{"loc":{"start":{"line":12,"column":29},"end":{"line":12,"column":41}},"type":"default-arg","locations":[{"start":{"line":12,"column":39},"end":{"line":12,"column":41}}],"line":12},"3":{"loc":{"start":{"line":14,"column":4},"end":{"line":21,"column":5}},"type":"if","locations":[{"start":{"line":14,"column":4},"end":{"line":21,"column":5}},{"start":{"line":14,"column":4},"end":{"line":21,"column":5}}],"line":14},"4":{"loc":{"start":{"line":15,"column":6},"end":{"line":18,"column":7}},"type":"if","locations":[{"start":{"line":15,"column":6},"end":{"line":18,"column":7}},{"start":{"line":15,"column":6},"end":{"line":18,"column":7}}],"line":15},"5":{"loc":{"start":{"line":15,"column":10},"end":{"line":15,"column":55}},"type":"binary-expr","locations":[{"start":{"line":15,"column":10},"end":{"line":15,"column":32}},{"start":{"line":15,"column":36},"end":{"line":15,"column":55}}],"line":15},"6":{"loc":{"start":{"line":24,"column":4},"end":{"line":28,"column":5}},"type":"if","locations":[{"start":{"line":24,"column":4},"end":{"line":28,"column":5}},{"start":{"line":24,"column":4},"end":{"line":28,"column":5}}],"line":24},"7":{"loc":{"start":{"line":33,"column":4},"end":{"line":39,"column":5}},"type":"if","locations":[{"start":{"line":33,"column":4},"end":{"line":39,"column":5}},{"start":{"line":33,"column":4},"end":{"line":39,"column":5}}],"line":33},"8":{"loc":{"start":{"line":33,"column":8},"end":{"line":33,"column":51}},"type":"binary-expr","locations":[{"start":{"line":33,"column":8},"end":{"line":33,"column":27}},{"start":{"line":33,"column":31},"end":{"line":33,"column":51}}],"line":33},"9":{"loc":{"start":{"line":34,"column":6},"end":{"line":36,"column":7}},"type":"if","locations":[{"start":{"line":34,"column":6},"end":{"line":36,"column":7}},{"start":{"line":34,"column":6},"end":{"line":36,"column":7}}],"line":34},"10":{"loc":{"start":{"line":45,"column":4},"end":{"line":50,"column":5}},"type":"if","locations":[{"start":{"line":45,"column":4},"end":{"line":50,"column":5}},{"start":{"line":45,"column":4},"end":{"line":50,"column":5}}],"line":45},"11":{"loc":{"start":{"line":45,"column":8},"end":{"line":45,"column":73}},"type":"binary-expr","locations":[{"start":{"line":45,"column":8},"end":{"line":45,"column":38}},{"start":{"line":45,"column":42},"end":{"line":45,"column":73}}],"line":45},"12":{"loc":{"start":{"line":55,"column":4},"end":{"line":88,"column":5}},"type":"if","locations":[{"start":{"line":55,"column":4},"end":{"line":88,"column":5}},{"start":{"line":55,"column":4},"end":{"line":88,"column":5}}],"line":55},"13":{"loc":{"start":{"line":55,"column":8},"end":{"line":55,"column":38}},"type":"binary-expr","locations":[{"start":{"line":55,"column":8},"end":{"line":55,"column":21}},{"start":{"line":55,"column":25},"end":{"line":55,"column":38}}],"line":55},"14":{"loc":{"start":{"line":56,"column":6},"end":{"line":62,"column":7}},"type":"if","locations":[{"start":{"line":56,"column":6},"end":{"line":62,"column":7}},{"start":{"line":56,"column":6},"end":{"line":62,"column":7}}],"line":56},"15":{"loc":{"start":{"line":58,"column":70},"end":{"line":58,"column":101}},"type":"cond-expr","locations":[{"start":{"line":58,"column":78},"end":{"line":58,"column":93}},{"start":{"line":58,"column":96},"end":{"line":58,"column":101}}],"line":58},"16":{"loc":{"start":{"line":59,"column":13},"end":{"line":62,"column":7}},"type":"if","locations":[{"start":{"line":59,"column":13},"end":{"line":62,"column":7}},{"start":{"line":59,"column":13},"end":{"line":62,"column":7}}],"line":59},"17":{"loc":{"start":{"line":61,"column":70},"end":{"line":61,"column":100}},"type":"cond-expr","locations":[{"start":{"line":61,"column":78},"end":{"line":61,"column":82}},{"start":{"line":61,"column":85},"end":{"line":61,"column":100}}],"line":61},"18":{"loc":{"start":{"line":65,"column":6},"end":{"line":84,"column":7}},"type":"if","locations":[{"start":{"line":65,"column":6},"end":{"line":84,"column":7}},{"start":{"line":65,"column":6},"end":{"line":84,"column":7}}],"line":65},"19":{"loc":{"start":{"line":85,"column":5},"end":{"line":87,"column":6}},"type":"if","locations":[{"start":{"line":85,"column":5},"end":{"line":87,"column":6}},{"start":{"line":85,"column":5},"end":{"line":87,"column":6}}],"line":85},"20":{"loc":{"start":{"line":92,"column":4},"end":{"line":99,"column":5}},"type":"if","locations":[{"start":{"line":92,"column":4},"end":{"line":99,"column":5}},{"start":{"line":92,"column":4},"end":{"line":99,"column":5}}],"line":92},"21":{"loc":{"start":{"line":94,"column":69},"end":{"line":94,"column":100}},"type":"cond-expr","locations":[{"start":{"line":94,"column":77},"end":{"line":94,"column":92}},{"start":{"line":94,"column":95},"end":{"line":94,"column":100}}],"line":94},"22":{"loc":{"start":{"line":96,"column":9},"end":{"line":99,"column":5}},"type":"if","locations":[{"start":{"line":96,"column":9},"end":{"line":99,"column":5}},{"start":{"line":96,"column":9},"end":{"line":99,"column":5}}],"line":96},"23":{"loc":{"start":{"line":98,"column":69},"end":{"line":98,"column":99}},"type":"cond-expr","locations":[{"start":{"line":98,"column":77},"end":{"line":98,"column":81}},{"start":{"line":98,"column":84},"end":{"line":98,"column":99}}],"line":98},"24":{"loc":{"start":{"line":107,"column":55},"end":{"line":107,"column":86}},"type":"cond-expr","locations":[{"start":{"line":107,"column":63},"end":{"line":107,"column":78}},{"start":{"line":107,"column":81},"end":{"line":107,"column":86}}],"line":107},"25":{"loc":{"start":{"line":108,"column":4},"end":{"line":110,"column":5}},"type":"if","locations":[{"start":{"line":108,"column":4},"end":{"line":110,"column":5}},{"start":{"line":108,"column":4},"end":{"line":110,"column":5}}],"line":108}},"s":{"0":6,"1":6,"2":6,"3":6,"4":6,"5":6,"6":6,"7":6,"8":26,"9":26,"10":1,"11":1,"12":1,"13":25,"14":26,"15":26,"16":25,"17":1,"18":64,"19":64,"20":35,"21":35,"22":29,"23":64,"24":33,"25":33,"26":6,"27":6,"28":27,"29":33,"30":37,"31":4,"32":1,"33":2,"34":1,"35":2,"36":3,"37":3,"38":6,"39":3,"40":6,"41":33,"42":33,"43":1,"44":1,"45":32,"46":32,"47":32,"48":32,"49":29,"50":3,"51":3,"52":33,"53":16,"54":25,"55":21,"56":21,"57":21,"58":21,"59":4,"60":4,"61":8,"62":4,"63":8,"64":25,"65":25,"66":25,"67":25,"68":25,"69":25,"70":25,"71":25,"72":9,"73":25,"74":6},"f":{"0":26,"1":64,"2":33,"3":37,"4":2,"5":2,"6":6,"7":6,"8":25,"9":21,"10":21,"11":8,"12":8,"13":25,"14":25,"15":25},"b":{"0":[0],"1":[1],"2":[26],"3":[1,25],"4":[1,0],"5":[1,1],"6":[25,1],"7":[35,29],"8":[64,39],"9":[35,0],"10":[6,27],"11":[33,6],"12":[4,33],"13":[37,36],"14":[1,3],"15":[2,0],"16":[3,0],"17":[1,5],"18":[1,32],"19":[16,17],"20":[21,4],"21":[21,0],"22":[4,0],"23":[1,7],"24":[25,0],"25":[9,16]},"_coverageSchema":"43e27e138ebf9cfc5966b082cf9a028302ed4184","hash":"8e79928723b93f786785f2eba6c9e8fb10ae26ba"}
,"/home/ec2-user/environment/jsre/lib/index.js": {"path":"/home/ec2-user/environment/jsre/lib/index.js","statementMap":{"0":{"start":{"line":1,"column":0},"end":{"line":1,"column":46}}},"fnMap":{},"branchMap":{},"s":{"0":6},"f":{},"b":{},"_coverageSchema":"43e27e138ebf9cfc5966b082cf9a028302ed4184","hash":"11397026f2676022db11331f224a995bb08fdcc2"}
,"/home/ec2-user/environment/jsre/lib/operator/equal.js": {"path":"/home/ec2-user/environment/jsre/lib/operator/equal.js","statementMap":{"0":{"start":{"line":1,"column":10},"end":{"line":1,"column":27}},"1":{"start":{"line":3,"column":0},"end":{"line":10,"column":2}},"2":{"start":{"line":5,"column":17},"end":{"line":5,"column":22}},"3":{"start":{"line":6,"column":4},"end":{"line":6,"column":35}},"4":{"start":{"line":7,"column":4},"end":{"line":7,"column":39}},"5":{"start":{"line":7,"column":22},"end":{"line":7,"column":39}},"6":{"start":{"line":8,"column":4},"end":{"line":8,"column":18}}},"fnMap":{"0":{"name":"(anonymous_0)","decl":{"start":{"line":4,"column":2},"end":{"line":4,"column":3}},"loc":{"start":{"line":4,"column":25},"end":{"line":9,"column":3}},"line":4}},"branchMap":{"0":{"loc":{"start":{"line":7,"column":4},"end":{"line":7,"column":39}},"type":"if","locations":[{"start":{"line":7,"column":4},"end":{"line":7,"column":39}},{"start":{"line":7,"column":4},"end":{"line":7,"column":39}}],"line":7}},"s":{"0":6,"1":6,"2":7,"3":7,"4":7,"5":2,"6":7},"f":{"0":7},"b":{"0":[2,5]},"_coverageSchema":"43e27e138ebf9cfc5966b082cf9a028302ed4184","hash":"d53f5b78facf13b1808aa9da6b2723d593202b9a"}
,"/home/ec2-user/environment/jsre/lib/operator/index.js": {"path":"/home/ec2-user/environment/jsre/lib/operator/index.js","statementMap":{"0":{"start":{"line":1,"column":16},"end":{"line":1,"column":18}},"1":{"start":{"line":3,"column":0},"end":{"line":3,"column":60}},"2":{"start":{"line":4,"column":0},"end":{"line":4,"column":72}},"3":{"start":{"line":5,"column":0},"end":{"line":5,"column":58}},"4":{"start":{"line":7,"column":0},"end":{"line":7,"column":27}}},"fnMap":{},"branchMap":{},"s":{"0":6,"1":6,"2":6,"3":6,"4":6},"f":{},"b":{},"_coverageSchema":"43e27e138ebf9cfc5966b082cf9a028302ed4184","hash":"9ff089bfa6268e8ffd283c7c2776fd641e0a7012"}
,"/home/ec2-user/environment/jsre/lib/operator/numericComparison.js": {"path":"/home/ec2-user/environment/jsre/lib/operator/numericComparison.js","statementMap":{"0":{"start":{"line":1,"column":10},"end":{"line":1,"column":27}},"1":{"start":{"line":3,"column":0},"end":{"line":20,"column":2}},"2":{"start":{"line":5,"column":4},"end":{"line":5,"column":140}},"3":{"start":{"line":5,"column":30},"end":{"line":5,"column":140}},"4":{"start":{"line":6,"column":4},"end":{"line":6,"column":140}},"5":{"start":{"line":6,"column":30},"end":{"line":6,"column":140}},"6":{"start":{"line":7,"column":17},"end":{"line":7,"column":22}},"7":{"start":{"line":8,"column":4},"end":{"line":8,"column":23}},"8":{"start":{"line":9,"column":4},"end":{"line":9,"column":39}},"9":{"start":{"line":9,"column":22},"end":{"line":9,"column":39}},"10":{"start":{"line":10,"column":4},"end":{"line":10,"column":18}},"11":{"start":{"line":13,"column":4},"end":{"line":13,"column":137}},"12":{"start":{"line":13,"column":30},"end":{"line":13,"column":137}},"13":{"start":{"line":14,"column":4},"end":{"line":14,"column":137}},"14":{"start":{"line":14,"column":30},"end":{"line":14,"column":137}},"15":{"start":{"line":15,"column":17},"end":{"line":15,"column":22}},"16":{"start":{"line":16,"column":4},"end":{"line":16,"column":23}},"17":{"start":{"line":17,"column":4},"end":{"line":17,"column":39}},"18":{"start":{"line":17,"column":22},"end":{"line":17,"column":39}},"19":{"start":{"line":18,"column":4},"end":{"line":18,"column":18}}},"fnMap":{"0":{"name":"(anonymous_0)","decl":{"start":{"line":4,"column":2},"end":{"line":4,"column":3}},"loc":{"start":{"line":4,"column":31},"end":{"line":11,"column":3}},"line":4},"1":{"name":"(anonymous_1)","decl":{"start":{"line":12,"column":2},"end":{"line":12,"column":3}},"loc":{"start":{"line":12,"column":36},"end":{"line":19,"column":3}},"line":12}},"branchMap":{"0":{"loc":{"start":{"line":5,"column":4},"end":{"line":5,"column":140}},"type":"if","locations":[{"start":{"line":5,"column":4},"end":{"line":5,"column":140}},{"start":{"line":5,"column":4},"end":{"line":5,"column":140}}],"line":5},"1":{"loc":{"start":{"line":6,"column":4},"end":{"line":6,"column":140}},"type":"if","locations":[{"start":{"line":6,"column":4},"end":{"line":6,"column":140}},{"start":{"line":6,"column":4},"end":{"line":6,"column":140}}],"line":6},"2":{"loc":{"start":{"line":9,"column":4},"end":{"line":9,"column":39}},"type":"if","locations":[{"start":{"line":9,"column":4},"end":{"line":9,"column":39}},{"start":{"line":9,"column":4},"end":{"line":9,"column":39}}],"line":9},"3":{"loc":{"start":{"line":12,"column":22},"end":{"line":12,"column":33}},"type":"default-arg","locations":[{"start":{"line":12,"column":28},"end":{"line":12,"column":33}}],"line":12},"4":{"loc":{"start":{"line":13,"column":4},"end":{"line":13,"column":137}},"type":"if","locations":[{"start":{"line":13,"column":4},"end":{"line":13,"column":137}},{"start":{"line":13,"column":4},"end":{"line":13,"column":137}}],"line":13},"5":{"loc":{"start":{"line":14,"column":4},"end":{"line":14,"column":137}},"type":"if","locations":[{"start":{"line":14,"column":4},"end":{"line":14,"column":137}},{"start":{"line":14,"column":4},"end":{"line":14,"column":137}}],"line":14},"6":{"loc":{"start":{"line":17,"column":4},"end":{"line":17,"column":39}},"type":"if","locations":[{"start":{"line":17,"column":4},"end":{"line":17,"column":39}},{"start":{"line":17,"column":4},"end":{"line":17,"column":39}}],"line":17}},"s":{"0":6,"1":6,"2":12,"3":0,"4":12,"5":3,"6":9,"7":9,"8":9,"9":2,"10":9,"11":9,"12":0,"13":9,"14":0,"15":9,"16":9,"17":9,"18":2,"19":9},"f":{"0":12,"1":9},"b":{"0":[0,12],"1":[3,9],"2":[2,7],"3":[0],"4":[0,9],"5":[0,9],"6":[2,7]},"_coverageSchema":"43e27e138ebf9cfc5966b082cf9a028302ed4184","hash":"fa466010b71e6882b695906e6d477a3ca8266d6c"}
,"/home/ec2-user/environment/jsre/lib/operator/set.js": {"path":"/home/ec2-user/environment/jsre/lib/operator/set.js","statementMap":{"0":{"start":{"line":1,"column":10},"end":{"line":1,"column":27}},"1":{"start":{"line":3,"column":0},"end":{"line":16,"column":2}},"2":{"start":{"line":5,"column":17},"end":{"line":5,"column":22}},"3":{"start":{"line":7,"column":4},"end":{"line":7,"column":115}},"4":{"start":{"line":7,"column":29},"end":{"line":7,"column":115}},"5":{"start":{"line":8,"column":21},"end":{"line":8,"column":24}},"6":{"start":{"line":9,"column":21},"end":{"line":9,"column":53}},"7":{"start":{"line":10,"column":17},"end":{"line":10,"column":51}},"8":{"start":{"line":12,"column":4},"end":{"line":12,"column":44}},"9":{"start":{"line":13,"column":4},"end":{"line":13,"column":39}},"10":{"start":{"line":13,"column":22},"end":{"line":13,"column":39}},"11":{"start":{"line":14,"column":4},"end":{"line":14,"column":18}}},"fnMap":{"0":{"name":"(anonymous_0)","decl":{"start":{"line":4,"column":2},"end":{"line":4,"column":3}},"loc":{"start":{"line":4,"column":22},"end":{"line":15,"column":3}},"line":4}},"branchMap":{"0":{"loc":{"start":{"line":7,"column":4},"end":{"line":7,"column":115}},"type":"if","locations":[{"start":{"line":7,"column":4},"end":{"line":7,"column":115}},{"start":{"line":7,"column":4},"end":{"line":7,"column":115}}],"line":7},"1":{"loc":{"start":{"line":9,"column":21},"end":{"line":9,"column":53}},"type":"cond-expr","locations":[{"start":{"line":9,"column":40},"end":{"line":9,"column":43}},{"start":{"line":9,"column":46},"end":{"line":9,"column":53}}],"line":9},"2":{"loc":{"start":{"line":13,"column":4},"end":{"line":13,"column":39}},"type":"if","locations":[{"start":{"line":13,"column":4},"end":{"line":13,"column":39}},{"start":{"line":13,"column":4},"end":{"line":13,"column":39}}],"line":13}},"s":{"0":6,"1":6,"2":4,"3":4,"4":0,"5":4,"6":4,"7":4,"8":4,"9":4,"10":0,"11":4},"f":{"0":4},"b":{"0":[0,4],"1":[2,2],"2":[0,4]},"_coverageSchema":"43e27e138ebf9cfc5966b082cf9a028302ed4184","hash":"e83dad32d97baed27035de6f2e4c5d0d8e31e9fc"}
}
