{"total": {"lines":{"total":103,"covered":103,"skipped":0,"pct":100},"statements":{"total":122,"covered":117,"skipped":0,"pct":95.9},"functions":{"total":20,"covered":20,"skipped":0,"pct":100},"branches":{"total":74,"covered":60,"skipped":0,"pct":81.08}}
,"/home/ec2-user/environment/jsre/lib/engine.js": {"lines":{"total":65,"covered":65,"skipped":0,"pct":100},"functions":{"total":16,"covered":16,"skipped":0,"pct":100},"statements":{"total":75,"covered":75,"skipped":0,"pct":100},"branches":{"total":49,"covered":41,"skipped":0,"pct":83.67}}
,"/home/ec2-user/environment/jsre/lib/index.js": {"lines":{"total":1,"covered":1,"skipped":0,"pct":100},"functions":{"total":0,"covered":0,"skipped":0,"pct":100},"statements":{"total":1,"covered":1,"skipped":0,"pct":100},"branches":{"total":0,"covered":0,"skipped":0,"pct":100}}
,"/home/ec2-user/environment/jsre/lib/operator/equal.js": {"lines":{"total":8,"covered":8,"skipped":0,"pct":100},"functions":{"total":1,"covered":1,"skipped":0,"pct":100},"statements":{"total":9,"covered":9,"skipped":0,"pct":100},"branches":{"total":6,"covered":6,"skipped":0,"pct":100}}
,"/home/ec2-user/environment/jsre/lib/operator/index.js": {"lines":{"total":5,"covered":5,"skipped":0,"pct":100},"functions":{"total":0,"covered":0,"skipped":0,"pct":100},"statements":{"total":5,"covered":5,"skipped":0,"pct":100},"branches":{"total":0,"covered":0,"skipped":0,"pct":100}}
,"/home/ec2-user/environment/jsre/lib/operator/numericComparison.js": {"lines":{"total":14,"covered":14,"skipped":0,"pct":100},"functions":{"total":2,"covered":2,"skipped":0,"pct":100},"statements":{"total":20,"covered":17,"skipped":0,"pct":85},"branches":{"total":13,"covered":9,"skipped":0,"pct":69.23}}
,"/home/ec2-user/environment/jsre/lib/operator/set.js": {"lines":{"total":10,"covered":10,"skipped":0,"pct":100},"functions":{"total":1,"covered":1,"skipped":0,"pct":100},"statements":{"total":12,"covered":10,"skipped":0,"pct":83.33},"branches":{"total":6,"covered":4,"skipped":0,"pct":66.67}}
}
