TN:
SF:/home/ec2-user/environment/jsre/lib/engine.js
FN:12,(anonymous_0)
FN:31,(anonymous_1)
FN:43,(anonymous_2)
FN:54,(anonymous_3)
FN:57,(anonymous_4)
FN:58,(anonymous_5)
FN:60,(anonymous_6)
FN:61,(anonymous_7)
FN:91,(anonymous_8)
FN:93,(anonymous_9)
FN:94,(anonymous_10)
FN:97,(anonymous_11)
FN:98,(anonymous_12)
FN:102,(anonymous_13)
FN:105,(anonymous_14)
FN:107,(anonymous_15)
FNF:16
FNH:16
FNDA:29,(anonymous_0)
FNDA:70,(anonymous_1)
FNDA:36,(anonymous_2)
FNDA:40,(anonymous_3)
FNDA:2,(anonymous_4)
FNDA:2,(anonymous_5)
FNDA:6,(anonymous_6)
FNDA:6,(anonymous_7)
FNDA:28,(anonymous_8)
FNDA:24,(anonymous_9)
FNDA:24,(anonymous_10)
FNDA:8,(anonymous_11)
FNDA:8,(anonymous_12)
FNDA:28,(anonymous_13)
FNDA:28,(anonymous_14)
FNDA:28,(anonymous_15)
DA:1,7
DA:2,7
DA:3,7
DA:4,7
DA:5,7
DA:7,7
DA:8,7
DA:9,7
DA:13,29
DA:14,29
DA:15,1
DA:16,1
DA:17,1
DA:20,28
DA:23,29
DA:24,29
DA:25,28
DA:27,1
DA:32,70
DA:33,70
DA:34,38
DA:35,38
DA:38,32
DA:40,70
DA:44,36
DA:45,36
DA:46,6
DA:47,6
DA:49,30
DA:51,36
DA:55,40
DA:56,4
DA:57,2
DA:58,2
DA:59,3
DA:60,6
DA:61,6
DA:64,36
DA:65,36
DA:66,1
DA:67,1
DA:72,35
DA:73,35
DA:74,35
DA:75,35
DA:76,32
DA:78,3
DA:79,3
DA:85,36
DA:86,17
DA:92,28
DA:93,24
DA:94,24
DA:96,4
DA:97,8
DA:98,8
DA:103,28
DA:104,28
DA:105,28
DA:106,28
DA:107,28
DA:108,28
DA:109,10
DA:111,28
DA:115,7
LF:65
LH:65
BRDA:12,0,0,0
BRDA:12,1,0,1
BRDA:12,2,0,29
BRDA:14,3,0,1
BRDA:14,3,1,28
BRDA:15,4,0,1
BRDA:15,4,1,0
BRDA:15,5,0,1
BRDA:15,5,1,1
BRDA:24,6,0,28
BRDA:24,6,1,1
BRDA:33,7,0,38
BRDA:33,7,1,32
BRDA:33,8,0,70
BRDA:33,8,1,45
BRDA:34,9,0,38
BRDA:34,9,1,0
BRDA:45,10,0,6
BRDA:45,10,1,30
BRDA:45,11,0,36
BRDA:45,11,1,6
BRDA:55,12,0,4
BRDA:55,12,1,36
BRDA:55,13,0,40
BRDA:55,13,1,39
BRDA:56,14,0,1
BRDA:56,14,1,3
BRDA:58,15,0,2
BRDA:58,15,1,0
BRDA:59,16,0,3
BRDA:59,16,1,0
BRDA:61,17,0,1
BRDA:61,17,1,5
BRDA:65,18,0,1
BRDA:65,18,1,35
BRDA:85,19,0,17
BRDA:85,19,1,19
BRDA:92,20,0,24
BRDA:92,20,1,4
BRDA:94,21,0,24
BRDA:94,21,1,0
BRDA:96,22,0,4
BRDA:96,22,1,0
BRDA:98,23,0,1
BRDA:98,23,1,7
BRDA:107,24,0,28
BRDA:107,24,1,0
BRDA:108,25,0,10
BRDA:108,25,1,18
BRF:49
BRH:41
end_of_record
TN:
SF:/home/ec2-user/environment/jsre/lib/index.js
FNF:0
FNH:0
DA:1,7
LF:1
LH:1
BRF:0
BRH:0
end_of_record
TN:
SF:/home/ec2-user/environment/jsre/lib/operator/equal.js
FN:4,(anonymous_0)
FNF:1
FNH:1
FNDA:10,(anonymous_0)
DA:1,7
DA:3,7
DA:5,10
DA:6,10
DA:7,10
DA:8,10
DA:9,10
DA:10,10
LF:8
LH:8
BRDA:6,0,0,3
BRDA:6,0,1,7
BRDA:7,1,0,3
BRDA:7,1,1,7
BRDA:9,2,0,2
BRDA:9,2,1,8
BRF:6
BRH:6
end_of_record
TN:
SF:/home/ec2-user/environment/jsre/lib/operator/index.js
FNF:0
FNH:0
DA:1,7
DA:3,7
DA:4,7
DA:5,7
DA:7,7
LF:5
LH:5
BRF:0
BRH:0
end_of_record
TN:
SF:/home/ec2-user/environment/jsre/lib/operator/numericComparison.js
FN:4,(anonymous_0)
FN:12,(anonymous_1)
FNF:2
FNH:2
FNDA:12,(anonymous_0)
FNDA:9,(anonymous_1)
DA:1,7
DA:3,7
DA:5,12
DA:6,12
DA:7,9
DA:8,9
DA:9,9
DA:10,9
DA:13,9
DA:14,9
DA:15,9
DA:16,9
DA:17,9
DA:18,9
LF:14
LH:14
BRDA:5,0,0,0
BRDA:5,0,1,12
BRDA:6,1,0,3
BRDA:6,1,1,9
BRDA:9,2,0,2
BRDA:9,2,1,7
BRDA:12,3,0,0
BRDA:13,4,0,0
BRDA:13,4,1,9
BRDA:14,5,0,0
BRDA:14,5,1,9
BRDA:17,6,0,2
BRDA:17,6,1,7
BRF:13
BRH:9
end_of_record
TN:
SF:/home/ec2-user/environment/jsre/lib/operator/set.js
FN:4,(anonymous_0)
FNF:1
FNH:1
FNDA:4,(anonymous_0)
DA:1,7
DA:3,7
DA:5,4
DA:7,4
DA:8,4
DA:9,4
DA:10,4
DA:12,4
DA:13,4
DA:14,4
LF:10
LH:10
BRDA:7,0,0,0
BRDA:7,0,1,4
BRDA:9,1,0,2
BRDA:9,1,1,2
BRDA:13,2,0,0
BRDA:13,2,1,4
BRF:6
BRH:4
end_of_record
